<?xml version="1.0" encoding="UTF-8"?>
<!-- Generated by org.testng.reporters.JUnitReportReporter -->
<testsuite hostname="DESKTOP-UKHT668" failures="0" tests="8" name="tests.ModTest" time="115.046" errors="0" timestamp="2025-05-25T21:45:08 GMT+05:00" skipped="0">
  <testcase classname="tests.ModTest" name="testDownloadMod607" time="11.062"/>
  <testcase classname="tests.ModTest" name="testShowImages266" time="19.817"/>
  <testcase classname="tests.ModTest" name="testShowRequirements11811" time="9.680"/>
  <testcase classname="tests.ModTest" name="testShowRequirements266" time="11.040"/>
  <testcase classname="tests.ModTest" name="testDownloadMod11811" time="16.525"/>
  <testcase classname="tests.ModTest" name="testDownloadMod266" time="11.305"/>
  <testcase classname="tests.ModTest" name="testShowImages607" time="23.120"/>
  <testcase classname="tests.ModTest" name="testShowImages11811" time="12.497"/>
</testsuite> <!-- tests.ModTest -->
