<?xml version="1.0" encoding="UTF-8"?>
<!-- Generated by org.testng.reporters.JUnitReportReporter -->
<testsuite hostname="DESKTOP-UKHT668" failures="0" tests="1" name="tests.LoginTest" time="7.706" errors="0" timestamp="2025-05-25T21:45:08 GMT+05:00" skipped="0">
  <testcase classname="tests.LoginTest" name="testEnterLogin" time="7.706"/>
</testsuite> <!-- tests.LoginTest -->
