<?xml version="1.0" encoding="UTF-8"?>
<!-- Generated by org.testng.reporters.JUnitReportReporter -->
<testsuite hostname="DESKTOP-UKHT668" failures="0" tests="2" name="tests.HomeTest" time="16.529" errors="0" timestamp="2025-05-25T21:45:08 GMT+05:00" skipped="0">
  <testcase classname="tests.HomeTest" name="testPageTitle" time="6.274"/>
  <testcase classname="tests.HomeTest" name="testFindMod" time="10.255"/>
</testsuite> <!-- tests.HomeTest -->
